
ROM used:   352/8192 (4%)
            352/8192 (4%) including unused fragments

            0.4 Average locations per line
            12.1 Average locations per statement

RAM used:   45/368 (12%) at main() level
            52/368 (14%) worst case

Stack used: 1 worst case (1 in main + 0 for interrupts)
Stack size: 8

Lines Stmts  %   Files
----- ----- ---  -----
   61    29 100  src.c
  810     0   0  E:\CCS C Compiler 5.109\Install Directory\Devices\16F887.h
----- -----
  871    29 Total

Page ROM  %  RAM    Vol Diff  Functions:
---- --- --- ---    --- ----  ----------
0     15   4    1             @delay_us1
0    169  48    3    560  3.4  hienthi
0     37  11    5             @DIV1616
0    127  36    2    228  5.0  MAIN
 Inline         0             @cinit1

Program metrics:
    Functions               2
    Statements              29
    Comments                148
    Volume (V)              924
    Difficulty (D)          8.1
    Effort to implement (E) 7519
    Time to implement (T)   7 minutes
    Est Delivered Bugs (B)  0
    Cyclomatic Complexity   2
    Maintainability (MI)    130

 Segment     Used  Free
-----------  ----  ----
00000-00003     4  0  
00004-007FF   348  1696  
00800-00FFF     0  2048  
01000-017FF     0  2048  
01800-01FFF     0  2048  



