
ROM used:   59/8192 (1%)
            59/8192 (1%) including unused fragments

            0.1 Average locations per line
            6.6 Average locations per statement

RAM used:   6/368 (2%) at main() level
            7/368 (2%) worst case

Stack used: 0 worst case (0 in main + 0 for interrupts)
Stack size: 8

Lines Stmts  %   Files
----- ----- ---  -----
   53     9 100  pic16f877_count_0_to_9.c
  676     0   0  E:\CCS C Compiler 5.109\Install Directory\Devices\16f877.h
----- -----
  729     9 Total

Page ROM  %  RAM    Vol Diff  Functions:
---- --- --- ---    --- ----  ----------
0     22  37    1             @delay_ms1
0      8  14    1     24  1.2  xuat
0     25  42    1    163  3.5  MAIN
 Inline         0    223  5.0  @cinit1

Program metrics:
    Functions               3
    Statements              9
    Comments                143
    Volume (V)              530
    Difficulty (D)          9.5
    Effort to implement (E) 5016
    Time to implement (T)   5 minutes
    Est Delivered Bugs (B)  0
    Cyclomatic Complexity   3
    Maintainability (MI)    78

 Segment     Used  Free
-----------  ----  ----
00000-00003     4  0  
00004-007FF    55  1989  
00800-00FFF     0  2048  
01000-017FF     0  2048  
01800-01FFF     0  2048  



