
ROM used:   90/8192 (1%)
            90/8192 (1%) including unused fragments

            0.1 Average locations per line
            10.0 Average locations per statement

RAM used:   13/368 (4%) at main() level
            13/368 (4%) worst case

Stack used: 1 worst case (0 in main + 1 for interrupts)
Stack size: 8

Lines Stmts  %   Files
----- ----- ---  -----
   26     9 100  src.c
  810     0   0  E:\CCS C Compiler 5.109\Install Directory\Devices\16F887.h
----- -----
  836     9 Total

Page ROM  %  RAM    Vol Diff  Functions:
---- --- --- ---    --- ----  ----------
0      6   7    0     21  1.7  Nut_Nhan
0     37  41    0    130  2.2  MAIN
 Inline         0             @cinit1

Program metrics:
    Functions               2
    Statements              9
    Comments                146
    Volume (V)              180
    Difficulty (D)          3.9
    Effort to implement (E) 710
    Time to implement (T)   1 minutes
    Est Delivered Bugs (B)  0
    Cyclomatic Complexity   1
    Maintainability (MI)    154

 Segment     Used  Free
-----------  ----  ----
00000-00003     4  0  
00004-0002E    43  0  
0002F-007FF    43  1958  
00800-00FFF     0  2048  
01000-017FF     0  2048  
01800-01FFF     0  2048  



